<?xml version="1.0" encoding="UTF-8"?>
<!-- Generated by org.testng.reporters.JUnitXMLReporter -->
<testsuite ignored="0" hostname="Hemu" failures="0" tests="4" name="User API Test" time="12.343" errors="0" timestamp="2026-06-08T11:59:04 IST">
  <testcase classname="org.hemanth.SeleniumTest.UsersTest" name="getUsersTest" time="9.977"/>
  <testcase classname="org.hemanth.SeleniumTest.LoginTest" name="userLoginTest" time="0.94"/>
  <testcase classname="org.hemanth.SeleniumTest.SearchUser" name="searchUser" time="0.679"/>
  <testcase classname="org.hemanth.SeleniumTest.FilterUser" name="filterUser" time="0.588"/>
</testsuite> <!-- User API Test -->
