<?xml version="1.0" encoding="UTF-8"?>
<testng-results ignored="0" total="1" passed="1" failed="0" skipped="0">
  <reporter-output>
  </reporter-output>
  <suite started-at="2026-06-08T23:04:49 IST" name="Default suite" finished-at="2026-06-08T23:05:04 IST" duration-ms="14938">
    <groups>
    </groups>
    <test started-at="2026-06-08T23:04:49 IST" name="Default test" finished-at="2026-06-08T23:05:04 IST" duration-ms="14938">
      <class name="com.parabank.tests.RegisterTest">
        <test-method signature="registerAndLoginTest()[pri:0, instance:com.parabank.tests.RegisterTest@5b7a5baa]" started-at="2026-06-08T23:04:49 IST" name="registerAndLoginTest" finished-at="2026-06-08T23:05:04 IST" duration-ms="14871" status="PASS">
          <reporter-output>
          </reporter-output>
        </test-method> <!-- registerAndLoginTest -->
      </class> <!-- com.parabank.tests.RegisterTest -->
    </test> <!-- Default test -->
  </suite> <!-- Default suite -->
</testng-results>
