<?xml version="1.0" encoding="UTF-8"?>
<testng-results ignored="0" total="4" passed="4" failed="0" skipped="0">
  <reporter-output>
  </reporter-output>
  <suite started-at="2026-06-08T11:58:52 IST" name="API Suite" finished-at="2026-06-08T11:59:04 IST" duration-ms="12343">
    <groups>
    </groups>
    <test started-at="2026-06-08T11:58:52 IST" name="User API Test" finished-at="2026-06-08T11:59:04 IST" duration-ms="12343">
      <class name="org.hemanth.SeleniumTest.FilterUser">
        <test-method signature="filterUser()[pri:0, instance:org.hemanth.SeleniumTest.FilterUser@4d1c00d0]" started-at="2026-06-08T11:59:03 IST" name="filterUser" finished-at="2026-06-08T11:59:04 IST" duration-ms="588" status="PASS">
          <reporter-output>
          </reporter-output>
        </test-method> <!-- filterUser -->
      </class> <!-- org.hemanth.SeleniumTest.FilterUser -->
      <class name="org.hemanth.SeleniumTest.LoginTest">
        <test-method signature="userLoginTest()[pri:0, instance:org.hemanth.SeleniumTest.LoginTest@3bf7ca37]" started-at="2026-06-08T11:59:02 IST" name="userLoginTest" finished-at="2026-06-08T11:59:03 IST" duration-ms="940" status="PASS">
          <reporter-output>
          </reporter-output>
        </test-method> <!-- userLoginTest -->
      </class> <!-- org.hemanth.SeleniumTest.LoginTest -->
      <class name="org.hemanth.SeleniumTest.UsersTest">
        <test-method signature="getUsersTest()[pri:0, instance:org.hemanth.SeleniumTest.UsersTest@6ed3ccb2]" started-at="2026-06-08T11:58:52 IST" name="getUsersTest" finished-at="2026-06-08T11:59:02 IST" duration-ms="9977" status="PASS">
          <reporter-output>
          </reporter-output>
        </test-method> <!-- getUsersTest -->
      </class> <!-- org.hemanth.SeleniumTest.UsersTest -->
      <class name="org.hemanth.SeleniumTest.SearchUser">
        <test-method signature="searchUser()[pri:0, instance:org.hemanth.SeleniumTest.SearchUser@79079097]" started-at="2026-06-08T11:59:03 IST" name="searchUser" finished-at="2026-06-08T11:59:03 IST" duration-ms="679" status="PASS">
          <reporter-output>
          </reporter-output>
        </test-method> <!-- searchUser -->
      </class> <!-- org.hemanth.SeleniumTest.SearchUser -->
    </test> <!-- User API Test -->
  </suite> <!-- API Suite -->
</testng-results>
